<?xml version="1.0" encoding="UTF-8"?>
<testng-results ignored="0" total="2" passed="2" failed="0" skipped="0">
  <reporter-output>
  </reporter-output>
  <suite started-at="2022-10-05T14:58:43 IST" name="Suite" finished-at="2022-10-05T14:59:06 IST" duration-ms="23349">
    <groups>
    </groups>
    <test started-at="2022-10-05T14:58:43 IST" name="Test" finished-at="2022-10-05T14:59:06 IST" duration-ms="23349">
      <class name="GoogleTest">
        <test-method signature="HomePageCheck()[pri:0, instance:GoogleTest@40cb8df7]" started-at="2022-10-05T14:58:43 IST" name="HomePageCheck" finished-at="2022-10-05T14:59:06 IST" duration-ms="23318" status="PASS">
          <reporter-output>
          </reporter-output>
        </test-method> <!-- HomePageCheck -->
      </class> <!-- GoogleTest -->
      <class name="RSATest">
        <test-method signature="HomePageCheck()[pri:0, instance:RSATest@6b8ca3c8]" started-at="2022-10-05T14:58:43 IST" name="HomePageCheck" finished-at="2022-10-05T14:59:00 IST" duration-ms="17108" status="PASS">
          <reporter-output>
          </reporter-output>
        </test-method> <!-- HomePageCheck -->
      </class> <!-- RSATest -->
    </test> <!-- Test -->
  </suite> <!-- Suite -->
</testng-results>
